<?xml version="1.0" encoding="UTF-8"?>
<testng-results ignored="0" total="1" passed="1" failed="0" skipped="0">
  <reporter-output>
    <line>
      <![CDATA[jyantkant@gmail.com]]>
    </line>
  </reporter-output>
  <suite started-at="2023-05-05T01:57:25 IST" name="Suite" finished-at="2023-05-05T01:57:57 IST" duration-ms="32053">
    <groups>
    </groups>
    <test started-at="2023-05-05T01:57:25 IST" name="Test" finished-at="2023-05-05T01:57:57 IST" duration-ms="32053">
      <class name="testScript.TC_001HP">
        <test-method is-config="true" signature="openHomePage()[pri:0, instance:testScript.TC_001HP@359f7cdf]" started-at="2023-05-05T01:57:25 IST" name="openHomePage" finished-at="2023-05-05T01:57:36 IST" duration-ms="11434" status="PASS">
          <reporter-output>
          </reporter-output>
        </test-method> <!-- openHomePage -->
        <test-method signature="multiTask()[pri:0, instance:testScript.TC_001HP@359f7cdf]" started-at="2023-05-05T01:57:36 IST" name="multiTask" finished-at="2023-05-05T01:57:54 IST" duration-ms="17714" status="PASS">
          <reporter-output>
            <line>
              <![CDATA[jyantkant@gmail.com]]>
            </line>
          </reporter-output>
        </test-method> <!-- multiTask -->
        <test-method is-config="true" signature="closeWebPage()[pri:0, instance:testScript.TC_001HP@359f7cdf]" started-at="2023-05-05T01:57:54 IST" name="closeWebPage" finished-at="2023-05-05T01:57:57 IST" duration-ms="2800" status="PASS">
          <reporter-output>
          </reporter-output>
        </test-method> <!-- closeWebPage -->
      </class> <!-- testScript.TC_001HP -->
    </test> <!-- Test -->
  </suite> <!-- Suite -->
</testng-results>
